<?xml version="1.0" encoding="UTF-8"?>
<!-- Generated by org.testng.reporters.JUnitXMLReporter -->
<testsuite hostname="BDC6-DX-6FB9NK2" ignored="1" name="test001" tests="8" failures="1" timestamp="27 Aug 2019 05:17:12 GMT" time="0.061" errors="0">
  <testcase name="f" time="0.009" classname="testingdemo.Assertions_1">
    <failure type="java.lang.AssertionError" message="expected [20] but found [10]">
      <![CDATA[java.lang.AssertionError: expected [20] but found [10]
at testingdemo.Assertions_1.f(Assertions_1.java:12)
... Removed 31 stack frames]]>
    </failure>
  </testcase> <!-- f -->
  <testcase name="testlogin" time="0.001" classname="testingdemo.Dataprovider_test"/>
  <testcase name="testlogin" time="0.002" classname="testingdemo.Dataprovider_test"/>
  <testcase name="f" time="0.002" classname="testingdemo.NewTest"/>
  <testcase name="display" time="0.001" classname="testingdemo.testclass1"/>
  <testcase name="f" time="0.001" classname="testingdemo.xml1"/>
  <testcase name="testingtwitter" time="0.001" classname="testingdemo.testing"/>
  <testcase name="testinggoogle" time="0.001" classname="testingdemo.testing"/>
  <testcase name="testingfb" time="0.0" classname="testingdemo.testing">
    <ignored/>
  </testcase> <!-- testingfb -->
</testsuite> <!-- test001 -->
